<?xml version="1.0" encoding="UTF-8"?>
<!-- Generated by org.testng.reporters.JUnitReportReporter -->
<testsuite skipped="0" hostname="DESKTOP-AC83KG6" name="com.OrangeHRM.TestScripts.TestScriptNg" tests="1" failures="0" timestamp="2021-03-29T14:08:19 IST" time="114.422" errors="0">
  <testcase name="runTest" time="114.422" classname="com.OrangeHRM.TestScripts.TestScriptNg"/>
  <system-out/>
</testsuite> <!-- com.OrangeHRM.TestScripts.TestScriptNg -->
